TN:
SF:demo/demo-core/src/app/app.component.html
FNF:0
FNH:0
DA:1,1
LF:1
LH:1
BRF:0
BRH:0
end_of_record
TN:
SF:demo/demo-core/src/app/app.component.ts
FN:14,(anonymous_0)
FNF:1
FNH:1
FNDA:1,(anonymous_0)
DA:1,1
DA:2,1
DA:9,1
DA:12,1
DA:14,1
DA:15,1
LF:6
LH:6
BRDA:14,0,0,1
BRDA:14,0,1,0
BRDA:14,1,0,1
BRDA:14,1,1,1
BRF:4
BRH:3
end_of_record
TN:
SF:demo/demo-tailwind-cdk/src/app/app.component.html
FNF:0
FNH:0
DA:1,1
LF:1
LH:1
BRF:0
BRH:0
end_of_record
TN:
SF:demo/demo-tailwind-cdk/src/app/app.component.ts
FNF:0
FNH:0
DA:1,1
DA:7,1
LF:2
LH:2
BRF:0
BRH:0
end_of_record
TN:
SF:libs/tailwind-cdk/src/lib/form-elements.ts
FNF:0
FNH:0
DA:1,1
DA:3,1
LF:2
LH:2
BRF:0
BRH:0
end_of_record
TN:
SF:libs/tailwind-cdk/src/lib/tailwindcss-forms.component.html
FNF:0
FNH:0
DA:1,1
LF:1
LH:1
BRF:0
BRH:0
end_of_record
TN:
SF:libs/tailwind-cdk/src/lib/tailwindcss-forms.component.ts
FN:26,(anonymous_0)
FN:28,(anonymous_1)
FNF:2
FNH:2
FNDA:1,(anonymous_0)
FNDA:1,(anonymous_1)
DA:1,1
DA:2,1
DA:12,1
DA:20,1
DA:26,1
DA:29,1
DA:30,0
DA:31,0
LF:8
LH:6
BRDA:29,0,0,0
BRDA:26,1,0,1
BRDA:26,1,1,0
BRDA:26,2,0,1
BRDA:26,2,1,1
BRF:5
BRH:3
end_of_record
TN:
SF:libs/tailwind-cdk/src/lib/input/input.component.html
FNF:0
FNH:0
DA:1,2
LF:1
LH:1
BRF:0
BRH:0
end_of_record
TN:
SF:libs/tailwind-cdk/src/lib/input/input.component.ts
FNF:0
FNH:0
DA:1,2
DA:9,2
LF:2
LH:2
BRF:0
BRH:0
end_of_record
